<?xml version="1.0" encoding="UTF-8"?>
<testsuite name="com.clarivate.spring.cc.seed.ApplicationTests" tests="1" skipped="0" failures="0" errors="0" timestamp="2018-11-12T17:33:27" hostname="BCNMPB-AALSINA.local" time="0.121">
  <properties/>
  <testcase name="pingTest" classname="com.clarivate.spring.cc.seed.ApplicationTests" time="0.121"/>
  <system-out><![CDATA[18:33:13.652 [Test worker] DEBUG org.springframework.test.context.junit4.SpringJUnit4ClassRunner - SpringJUnit4ClassRunner constructor called with [class com.clarivate.spring.cc.seed.ApplicationTests]
18:33:13.670 [Test worker] DEBUG org.springframework.test.context.BootstrapUtils - Instantiating CacheAwareContextLoaderDelegate from class [org.springframework.test.context.cache.DefaultCacheAwareContextLoaderDelegate]
18:33:13.680 [Test worker] DEBUG org.springframework.test.context.BootstrapUtils - Instantiating BootstrapContext using constructor [public org.springframework.test.context.support.DefaultBootstrapContext(java.lang.Class,org.springframework.test.context.CacheAwareContextLoaderDelegate)]
18:33:13.715 [Test worker] DEBUG org.springframework.test.context.BootstrapUtils - Instantiating TestContextBootstrapper for test class [com.clarivate.spring.cc.seed.ApplicationTests] from class [org.springframework.boot.test.context.SpringBootTestContextBootstrapper]
18:33:13.728 [Test worker] INFO org.springframework.boot.test.context.SpringBootTestContextBootstrapper - Neither @ContextConfiguration nor @ContextHierarchy found for test class [com.clarivate.spring.cc.seed.ApplicationTests], using SpringBootContextLoader
18:33:13.733 [Test worker] DEBUG org.springframework.test.context.support.AbstractContextLoader - Did not detect default resource location for test class [com.clarivate.spring.cc.seed.ApplicationTests]: class path resource [com/clarivate/spring/cc/seed/ApplicationTests-context.xml] does not exist
18:33:13.734 [Test worker] DEBUG org.springframework.test.context.support.AbstractContextLoader - Did not detect default resource location for test class [com.clarivate.spring.cc.seed.ApplicationTests]: class path resource [com/clarivate/spring/cc/seed/ApplicationTestsContext.groovy] does not exist
18:33:13.734 [Test worker] INFO org.springframework.test.context.support.AbstractContextLoader - Could not detect default resource locations for test class [com.clarivate.spring.cc.seed.ApplicationTests]: no resource found for suffixes {-context.xml, Context.groovy}.
18:33:13.735 [Test worker] INFO org.springframework.test.context.support.AnnotationConfigContextLoaderUtils - Could not detect default configuration classes for test class [com.clarivate.spring.cc.seed.ApplicationTests]: ApplicationTests does not declare any static, non-private, non-final, nested classes annotated with @Configuration.
18:33:13.810 [Test worker] DEBUG org.springframework.test.context.support.ActiveProfilesUtils - Could not find an 'annotation declaring class' for annotation type [org.springframework.test.context.ActiveProfiles] and class [com.clarivate.spring.cc.seed.ApplicationTests]
18:33:13.821 [Test worker] DEBUG org.springframework.core.env.StandardEnvironment - Adding [systemProperties] PropertySource with lowest search precedence
18:33:13.822 [Test worker] DEBUG org.springframework.core.env.StandardEnvironment - Adding [systemEnvironment] PropertySource with lowest search precedence
18:33:13.822 [Test worker] DEBUG org.springframework.core.env.StandardEnvironment - Initialized StandardEnvironment with PropertySources [systemProperties,systemEnvironment]
18:33:13.835 [Test worker] DEBUG org.springframework.core.io.support.PathMatchingResourcePatternResolver - Resolved classpath location [com/clarivate/spring/cc/seed/] to resources [URL [file:/Users/aalsinat/Development/cloud-content/labs/spring-cc-foundation/cc-service/build/classes/test/com/clarivate/spring/cc/seed/], URL [file:/Users/aalsinat/Development/cloud-content/labs/spring-cc-foundation/cc-service/build/classes/main/com/clarivate/spring/cc/seed/]]
18:33:13.836 [Test worker] DEBUG org.springframework.core.io.support.PathMatchingResourcePatternResolver - Looking for matching resources in directory tree [/Users/aalsinat/Development/cloud-content/labs/spring-cc-foundation/cc-service/build/classes/test/com/clarivate/spring/cc/seed]
18:33:13.836 [Test worker] DEBUG org.springframework.core.io.support.PathMatchingResourcePatternResolver - Searching directory [/Users/aalsinat/Development/cloud-content/labs/spring-cc-foundation/cc-service/build/classes/test/com/clarivate/spring/cc/seed] for files matching pattern [/Users/aalsinat/Development/cloud-content/labs/spring-cc-foundation/cc-service/build/classes/test/com/clarivate/spring/cc/seed/*.class]
18:33:13.840 [Test worker] DEBUG org.springframework.core.io.support.PathMatchingResourcePatternResolver - Looking for matching resources in directory tree [/Users/aalsinat/Development/cloud-content/labs/spring-cc-foundation/cc-service/build/classes/main/com/clarivate/spring/cc/seed]
18:33:13.840 [Test worker] DEBUG org.springframework.core.io.support.PathMatchingResourcePatternResolver - Searching directory [/Users/aalsinat/Development/cloud-content/labs/spring-cc-foundation/cc-service/build/classes/main/com/clarivate/spring/cc/seed] for files matching pattern [/Users/aalsinat/Development/cloud-content/labs/spring-cc-foundation/cc-service/build/classes/main/com/clarivate/spring/cc/seed/*.class]
18:33:13.841 [Test worker] DEBUG org.springframework.core.io.support.PathMatchingResourcePatternResolver - Resolved location pattern [classpath*:com/clarivate/spring/cc/seed/*.class] to resources [file [/Users/aalsinat/Development/cloud-content/labs/spring-cc-foundation/cc-service/build/classes/test/com/clarivate/spring/cc/seed/ApplicationTests.class], file [/Users/aalsinat/Development/cloud-content/labs/spring-cc-foundation/cc-service/build/classes/main/com/clarivate/spring/cc/seed/Application.class]]
18:33:13.896 [Test worker] DEBUG org.springframework.context.annotation.ClassPathScanningCandidateComponentProvider - Identified candidate component class: file [/Users/aalsinat/Development/cloud-content/labs/spring-cc-foundation/cc-service/build/classes/main/com/clarivate/spring/cc/seed/Application.class]
18:33:13.897 [Test worker] INFO org.springframework.boot.test.context.SpringBootTestContextBootstrapper - Found @SpringBootConfiguration com.clarivate.spring.cc.seed.Application for test class com.clarivate.spring.cc.seed.ApplicationTests
18:33:13.903 [Test worker] DEBUG org.springframework.boot.test.context.SpringBootTestContextBootstrapper - @TestExecutionListeners is not present for class [com.clarivate.spring.cc.seed.ApplicationTests]: using defaults.
18:33:13.907 [Test worker] INFO org.springframework.boot.test.context.SpringBootTestContextBootstrapper - Loaded default TestExecutionListener class names from location [META-INF/spring.factories]: [org.springframework.boot.test.mock.mockito.MockitoTestExecutionListener, org.springframework.boot.test.mock.mockito.ResetMocksTestExecutionListener, org.springframework.boot.test.autoconfigure.restdocs.RestDocsTestExecutionListener, org.springframework.boot.test.autoconfigure.web.client.MockRestServiceServerResetTestExecutionListener, org.springframework.boot.test.autoconfigure.web.servlet.MockMvcPrintOnlyOnFailureTestExecutionListener, org.springframework.boot.test.autoconfigure.web.servlet.WebDriverTestExecutionListener, org.springframework.test.context.web.ServletTestExecutionListener, org.springframework.test.context.support.DirtiesContextBeforeModesTestExecutionListener, org.springframework.test.context.support.DependencyInjectionTestExecutionListener, org.springframework.test.context.support.DirtiesContextTestExecutionListener, org.springframework.test.context.transaction.TransactionalTestExecutionListener, org.springframework.test.context.jdbc.SqlScriptsTestExecutionListener]
18:33:13.922 [Test worker] INFO org.springframework.boot.test.context.SpringBootTestContextBootstrapper - Could not instantiate TestExecutionListener [org.springframework.test.context.jdbc.SqlScriptsTestExecutionListener]. Specify custom listener classes or make the default listener classes (and their required dependencies) available. Offending class: [org/springframework/transaction/interceptor/TransactionAttribute]
18:33:13.923 [Test worker] INFO org.springframework.boot.test.context.SpringBootTestContextBootstrapper - Could not instantiate TestExecutionListener [org.springframework.test.context.transaction.TransactionalTestExecutionListener]. Specify custom listener classes or make the default listener classes (and their required dependencies) available. Offending class: [org/springframework/transaction/interceptor/TransactionAttributeSource]
18:33:13.928 [Test worker] INFO org.springframework.boot.test.context.SpringBootTestContextBootstrapper - Using TestExecutionListeners: [org.springframework.test.context.web.ServletTestExecutionListener@5fc64f1b, org.springframework.test.context.support.DirtiesContextBeforeModesTestExecutionListener@5c973801, org.springframework.boot.test.autoconfigure.SpringBootDependencyInjectionTestExecutionListener@456f7c35, org.springframework.test.context.support.DirtiesContextTestExecutionListener@53d675e4, org.springframework.boot.test.autoconfigure.restdocs.RestDocsTestExecutionListener@3e855612, org.springframework.boot.test.mock.mockito.MockitoTestExecutionListener@5bb726f3, org.springframework.boot.test.mock.mockito.ResetMocksTestExecutionListener@65876764, org.springframework.boot.test.autoconfigure.web.servlet.MockMvcPrintOnlyOnFailureTestExecutionListener@51e4765, org.springframework.boot.test.autoconfigure.web.servlet.WebDriverTestExecutionListener@11bfa412, org.springframework.boot.test.autoconfigure.web.client.MockRestServiceServerResetTestExecutionListener@735d9868]
18:33:13.932 [Test worker] DEBUG org.springframework.test.annotation.ProfileValueUtils - Retrieved @ProfileValueSourceConfiguration [null] for test class [com.clarivate.spring.cc.seed.ApplicationTests]
18:33:13.933 [Test worker] DEBUG org.springframework.test.annotation.ProfileValueUtils - Retrieved ProfileValueSource type [class org.springframework.test.annotation.SystemProfileValueSource] for class [com.clarivate.spring.cc.seed.ApplicationTests]
18:33:13.936 [Test worker] DEBUG org.springframework.test.annotation.ProfileValueUtils - Retrieved @ProfileValueSourceConfiguration [null] for test class [com.clarivate.spring.cc.seed.ApplicationTests]
18:33:13.936 [Test worker] DEBUG org.springframework.test.annotation.ProfileValueUtils - Retrieved ProfileValueSource type [class org.springframework.test.annotation.SystemProfileValueSource] for class [com.clarivate.spring.cc.seed.ApplicationTests]
18:33:13.937 [Test worker] DEBUG org.springframework.test.annotation.ProfileValueUtils - Retrieved @ProfileValueSourceConfiguration [null] for test class [com.clarivate.spring.cc.seed.ApplicationTests]
18:33:13.937 [Test worker] DEBUG org.springframework.test.annotation.ProfileValueUtils - Retrieved ProfileValueSource type [class org.springframework.test.annotation.SystemProfileValueSource] for class [com.clarivate.spring.cc.seed.ApplicationTests]
18:33:13.942 [Test worker] DEBUG org.springframework.test.context.support.AbstractDirtiesContextTestExecutionListener - Before test class: context [DefaultTestContext@1dc0b2f7 testClass = ApplicationTests, testInstance = [null], testMethod = [null], testException = [null], mergedContextConfiguration = [WebMergedContextConfiguration@2b9ae843 testClass = ApplicationTests, locations = '{}', classes = '{class com.clarivate.spring.cc.seed.Application}', contextInitializerClasses = '[]', activeProfiles = '{}', propertySourceLocations = '{}', propertySourceProperties = '{org.springframework.boot.test.context.SpringBootTestContextBootstrapper=true}', contextCustomizers = set[[ImportsContextCustomizer@5d737768 key = [Package Import com.clarivate.spring.cc.seed, org.springframework.boot.test.autoconfigure.web.servlet.MockMvcAutoConfiguration, org.springframework.boot.test.autoconfigure.web.servlet.MockMvcSecurityAutoConfiguration, org.springframework.boot.test.autoconfigure.web.servlet.MockMvcWebClientAutoConfiguration, org.springframework.boot.test.autoconfigure.web.servlet.MockMvcWebDriverAutoConfiguration]], org.springframework.boot.test.context.SpringBootTestContextCustomizer@7d157c2e, org.springframework.boot.test.context.filter.ExcludeFilterContextCustomizer@373c5535, org.springframework.boot.test.mock.mockito.MockitoContextCustomizer@0, org.springframework.boot.test.autoconfigure.properties.PropertyMappingContextCustomizer@e7e8512, org.springframework.boot.test.autoconfigure.web.servlet.WebDriverContextCustomizerFactory$Customizer@73bffa45], resourceBasePath = 'src/main/webapp', contextLoader = 'org.springframework.boot.test.context.SpringBootContextLoader', parent = [null]]], class annotated with @DirtiesContext [false] with mode [null].
18:33:13.943 [Test worker] DEBUG org.springframework.test.annotation.ProfileValueUtils - Retrieved @ProfileValueSourceConfiguration [null] for test class [com.clarivate.spring.cc.seed.ApplicationTests]
18:33:13.944 [Test worker] DEBUG org.springframework.test.annotation.ProfileValueUtils - Retrieved ProfileValueSource type [class org.springframework.test.annotation.SystemProfileValueSource] for class [com.clarivate.spring.cc.seed.ApplicationTests]
18:33:14.029 [Test worker] DEBUG org.springframework.core.env.StandardEnvironment - Adding [systemProperties] PropertySource with lowest search precedence
18:33:14.029 [Test worker] DEBUG org.springframework.core.env.StandardEnvironment - Adding [systemEnvironment] PropertySource with lowest search precedence
18:33:14.029 [Test worker] DEBUG org.springframework.core.env.StandardEnvironment - Initialized StandardEnvironment with PropertySources [systemProperties,systemEnvironment]
18:33:14.031 [Test worker] DEBUG org.springframework.core.env.MutablePropertySources - Adding [inline] PropertySource with highest search precedence
18:33:14.038 [Test worker] DEBUG org.springframework.test.context.support.TestPropertySourceUtils - Adding inlined properties to environment: {spring.jmx.enabled=false, org.springframework.boot.test.context.SpringBootTestContextBootstrapper=true, server.port=-1}
18:33:14.039 [Test worker] DEBUG org.springframework.core.env.StandardEnvironment - Adding [Inlined Test Properties] PropertySource with highest search precedence
2018-11-12 18:33:14.517  INFO 9663 --- [    Test worker] s.c.a.AnnotationConfigApplicationContext : Refreshing org.springframework.context.annotation.AnnotationConfigApplicationContext@5649d1e0: startup date [Mon Nov 12 18:33:14 CET 2018]; root of context hierarchy
2018-11-12 18:33:14.845  INFO 9663 --- [    Test worker] f.a.AutowiredAnnotationBeanPostProcessor : JSR-330 'javax.inject.Inject' annotation found and supported for autowiring
2018-11-12 18:33:14.889  INFO 9663 --- [    Test worker] trationDelegate$BeanPostProcessorChecker : Bean 'configurationPropertiesRebinderAutoConfiguration' of type [org.springframework.cloud.autoconfigure.ConfigurationPropertiesRebinderAutoConfiguration$$EnhancerBySpringCGLIB$$6d0cab6b] is not eligible for getting processed by all BeanPostProcessors (for example: not eligible for auto-proxying)
2018-11-12 18:33:15.013  WARN 9663 --- [    Test worker] c.n.c.sources.URLConfigurationSource     : No URLs will be polled as dynamic configuration sources.
2018-11-12 18:33:15.014  INFO 9663 --- [    Test worker] c.n.c.sources.URLConfigurationSource     : To enable URLs as dynamic configuration sources, define System property archaius.configurationSource.additionalUrls or make config.properties available on classpath.
2018-11-12 18:33:15.133  INFO 9663 --- [    Test worker] c.netflix.config.DynamicPropertyFactory  : DynamicPropertyFactory is initialized with configuration sources: com.netflix.config.ConcurrentCompositeConfiguration@2dbf8b6d

  .   ____          _            __ _ _
 /\\ / ___'_ __ _ _(_)_ __  __ _ \ \ \ \
( ( )\___ | '_ | '_| | '_ \/ _` | \ \ \ \
 \\/  ___)| |_)| | | | | || (_| |  ) ) ) )
  '  |____| .__|_| |_|_| |_\__, | / / / /
 =========|_|==============|___/=/_/_/_/
 :: Spring Boot ::        (v1.5.2.RELEASE)

2018-11-12 18:33:15.551  INFO 9663 --- [    Test worker] c.c.s.eiddo.config.PropertiesConfig      : Loading custom properties
2018-11-12 18:33:15.551  INFO 9663 --- [    Test worker] ropertySourceBootstrapConfigurationEiddo : Located property source: MapPropertySource [name='customProperty']
2018-11-12 18:33:15.560  INFO 9663 --- [    Test worker] c.c.s.eiddo.config.PropertiesConfig      : Loading custom properties
2018-11-12 18:33:15.560  INFO 9663 --- [    Test worker] b.c.PropertySourceBootstrapConfiguration : Located property source: MapPropertySource [name='customProperty']
2018-11-12 18:33:15.574  INFO 9663 --- [    Test worker] c.c.spring.cc.seed.ApplicationTests      : No active profile set, falling back to default profiles: default
2018-11-12 18:33:15.580  INFO 9663 --- [    Test worker] o.s.w.c.s.GenericWebApplicationContext   : Refreshing org.springframework.web.context.support.GenericWebApplicationContext@2134e7ee: startup date [Mon Nov 12 18:33:15 CET 2018]; parent: org.springframework.context.annotation.AnnotationConfigApplicationContext@5649d1e0
2018-11-12 18:33:16.378  INFO 9663 --- [    Test worker] o.s.b.f.s.DefaultListableBeanFactory     : Overriding bean definition for bean 'managementServletContext' with a different definition: replacing [Root bean: class [null]; scope=; abstract=false; lazyInit=false; autowireMode=3; dependencyCheck=0; autowireCandidate=true; primary=false; factoryBeanName=org.springframework.boot.actuate.autoconfigure.EndpointWebMvcHypermediaManagementContextConfiguration; factoryMethodName=managementServletContext; initMethodName=null; destroyMethodName=(inferred); defined in class path resource [org/springframework/boot/actuate/autoconfigure/EndpointWebMvcHypermediaManagementContextConfiguration.class]] with [Root bean: class [null]; scope=; abstract=false; lazyInit=false; autowireMode=3; dependencyCheck=0; autowireCandidate=true; primary=false; factoryBeanName=org.springframework.boot.actuate.autoconfigure.EndpointWebMvcAutoConfiguration; factoryMethodName=managementServletContext; initMethodName=null; destroyMethodName=(inferred); defined in class path resource [org/springframework/boot/actuate/autoconfigure/EndpointWebMvcAutoConfiguration.class]]
2018-11-12 18:33:16.793  INFO 9663 --- [    Test worker] o.s.cloud.context.scope.GenericScope     : BeanFactory id=3c6fdc87-981a-3f97-8a63-2957540b4820
2018-11-12 18:33:16.848  INFO 9663 --- [    Test worker] f.a.AutowiredAnnotationBeanPostProcessor : JSR-330 'javax.inject.Inject' annotation found and supported for autowiring
2018-11-12 18:33:16.971  INFO 9663 --- [    Test worker] trationDelegate$BeanPostProcessorChecker : Bean 'org.springframework.cloud.autoconfigure.ConfigurationPropertiesRebinderAutoConfiguration' of type [org.springframework.cloud.autoconfigure.ConfigurationPropertiesRebinderAutoConfiguration$$EnhancerBySpringCGLIB$$6d0cab6b] is not eligible for getting processed by all BeanPostProcessors (for example: not eligible for auto-proxying)
2018-11-12 18:33:21.374  WARN 9663 --- [    Test worker] com.netflix.appinfo.AmazonInfo$Builder   : Skipping the rest of AmazonInfo init as we were not able to load instanceId after the configured number of retries: 3, per fail fast configuration: true
2018-11-12 18:33:21.378  INFO 9663 --- [    Test worker] c.c.spring.eureka.EurekaClientConfig     : Datacenter is: Amazon
2018-11-12 18:33:21.383  INFO 9663 --- [    Test worker] c.c.spring.eureka.EurekaClientConfig     : Start EurekaInstanceConfig: EurekaInstanceConfigBean(hostInfo=InetUtils.HostInfo(override=true, ipAddress=10.228.135.164, hostname=10.228.135.164), inetUtils=org.springframework.cloud.commons.util.InetUtils@404c5fee, appname=null, appGroupName=null, instanceEnabledOnit=false, nonSecurePort=7001, securePort=443, nonSecurePortEnabled=true, securePortEnabled=false, leaseRenewalIntervalInSeconds=30, leaseExpirationDurationInSeconds=90, virtualHostName=null, instanceId=10.228.135.164, secureVirtualHostName=unknown, aSGName=null, metadataMap={instance-id=10.228.135.164}, dataCenterInfo=AmazonInfo{metadata={public-hostname=10.228.135.164, instance-id=10.228.135.164}}, ipAddress=10.228.135.164, statusPageUrlPath=/info, statusPageUrl=http://10.228.135.164:8077/webadmin/Status, homePageUrlPath=/, homePageUrl=null, healthCheckUrlPath=/health, healthCheckUrl=http://10.228.135.164:8077/webadmin/healthcheck, secureHealthCheckUrl=null, namespace=eureka, hostname=10.228.135.164, preferIpAddress=false, initialStatus=UP, defaultAddressResolutionOrder=[], environment=null)
2018-11-12 18:33:22.163  INFO 9663 --- [    Test worker] o.s.b.t.m.w.SpringBootMockServletContext : Initializing Spring FrameworkServlet ''
2018-11-12 18:33:22.164  INFO 9663 --- [    Test worker] o.s.t.web.servlet.TestDispatcherServlet  : FrameworkServlet '': initialization started
2018-11-12 18:33:22.890  INFO 9663 --- [    Test worker] s.w.s.m.m.a.RequestMappingHandlerMapping : Mapped "{[/ping],methods=[GET]}" onto public java.util.Map com.clarivate.spring.cc.seed.service.AvailabilityController.ping()
2018-11-12 18:33:22.896  INFO 9663 --- [    Test worker] s.w.s.m.m.a.RequestMappingHandlerMapping : Mapped "{[/error]}" onto public org.springframework.http.ResponseEntity<java.util.Map<java.lang.String, java.lang.Object>> org.springframework.boot.autoconfigure.web.BasicErrorController.error(javax.servlet.http.HttpServletRequest)
2018-11-12 18:33:22.897  INFO 9663 --- [    Test worker] s.w.s.m.m.a.RequestMappingHandlerMapping : Mapped "{[/error],produces=[text/html]}" onto public org.springframework.web.servlet.ModelAndView org.springframework.boot.autoconfigure.web.BasicErrorController.errorHtml(javax.servlet.http.HttpServletRequest,javax.servlet.http.HttpServletResponse)
2018-11-12 18:33:22.969  INFO 9663 --- [    Test worker] o.s.w.s.handler.SimpleUrlHandlerMapping  : Mapped URL path [/webjars/**] onto handler of type [class org.springframework.web.servlet.resource.ResourceHttpRequestHandler]
2018-11-12 18:33:22.969  INFO 9663 --- [    Test worker] o.s.w.s.handler.SimpleUrlHandlerMapping  : Mapped URL path [/**] onto handler of type [class org.springframework.web.servlet.resource.ResourceHttpRequestHandler]
2018-11-12 18:33:23.000  INFO 9663 --- [    Test worker] o.s.w.s.handler.SimpleUrlHandlerMapping  : Mapped URL path [/**/favicon.ico] onto handler of type [class org.springframework.web.servlet.resource.ResourceHttpRequestHandler]
2018-11-12 18:33:23.511  INFO 9663 --- [    Test worker] o.s.b.a.e.mvc.EndpointHandlerMapping     : Mapped "{[/heapdump || /heapdump.json],methods=[GET],produces=[application/octet-stream]}" onto public void org.springframework.boot.actuate.endpoint.mvc.HeapdumpMvcEndpoint.invoke(boolean,javax.servlet.http.HttpServletRequest,javax.servlet.http.HttpServletResponse) throws java.io.IOException,javax.servlet.ServletException
2018-11-12 18:33:23.514  INFO 9663 --- [    Test worker] o.s.b.a.e.mvc.EndpointHandlerMapping     : Mapped "{[/loggers/{name:.*}],methods=[GET],produces=[application/vnd.spring-boot.actuator.v1+json || application/json]}" onto public java.lang.Object org.springframework.boot.actuate.endpoint.mvc.LoggersMvcEndpoint.get(java.lang.String)
2018-11-12 18:33:23.514  INFO 9663 --- [    Test worker] o.s.b.a.e.mvc.EndpointHandlerMapping     : Mapped "{[/loggers/{name:.*}],methods=[POST],consumes=[application/vnd.spring-boot.actuator.v1+json || application/json],produces=[application/vnd.spring-boot.actuator.v1+json || application/json]}" onto public java.lang.Object org.springframework.boot.actuate.endpoint.mvc.LoggersMvcEndpoint.set(java.lang.String,java.util.Map<java.lang.String, java.lang.String>)
2018-11-12 18:33:23.515  INFO 9663 --- [    Test worker] o.s.b.a.e.mvc.EndpointHandlerMapping     : Mapped "{[/loggers || /loggers.json],methods=[GET],produces=[application/vnd.spring-boot.actuator.v1+json || application/json]}" onto public java.lang.Object org.springframework.boot.actuate.endpoint.mvc.EndpointMvcAdapter.invoke()
2018-11-12 18:33:23.515  INFO 9663 --- [    Test worker] o.s.b.a.e.mvc.EndpointHandlerMapping     : Mapped "{[/refresh || /refresh.json],methods=[POST]}" onto public java.lang.Object org.springframework.cloud.endpoint.GenericPostableMvcEndpoint.invoke()
2018-11-12 18:33:23.516  INFO 9663 --- [    Test worker] o.s.b.a.e.mvc.EndpointHandlerMapping     : Mapped "{[/info || /info.json],methods=[GET],produces=[application/vnd.spring-boot.actuator.v1+json || application/json]}" onto public java.lang.Object org.springframework.boot.actuate.endpoint.mvc.EndpointMvcAdapter.invoke()
2018-11-12 18:33:23.518  INFO 9663 --- [    Test worker] o.s.b.a.e.mvc.EndpointHandlerMapping     : Mapped "{[/archaius || /archaius.json],methods=[GET],produces=[application/vnd.spring-boot.actuator.v1+json || application/json]}" onto public java.lang.Object org.springframework.boot.actuate.endpoint.mvc.EndpointMvcAdapter.invoke()
2018-11-12 18:33:23.520  INFO 9663 --- [    Test worker] o.s.b.a.e.mvc.EndpointHandlerMapping     : Mapped "{[/env/{name:.*}],methods=[GET],produces=[application/vnd.spring-boot.actuator.v1+json || application/json]}" onto public java.lang.Object org.springframework.boot.actuate.endpoint.mvc.EnvironmentMvcEndpoint.value(java.lang.String)
2018-11-12 18:33:23.520  INFO 9663 --- [    Test worker] o.s.b.a.e.mvc.EndpointHandlerMapping     : Mapped "{[/env || /env.json],methods=[GET],produces=[application/vnd.spring-boot.actuator.v1+json || application/json]}" onto public java.lang.Object org.springframework.boot.actuate.endpoint.mvc.EndpointMvcAdapter.invoke()
2018-11-12 18:33:23.521  INFO 9663 --- [    Test worker] o.s.b.a.e.mvc.EndpointHandlerMapping     : Mapped "{[/auditevents || /auditevents.json],methods=[GET],produces=[application/vnd.spring-boot.actuator.v1+json || application/json]}" onto public org.springframework.http.ResponseEntity<?> org.springframework.boot.actuate.endpoint.mvc.AuditEventsMvcEndpoint.findByPrincipalAndAfterAndType(java.lang.String,java.util.Date,java.lang.String)
2018-11-12 18:33:23.522  INFO 9663 --- [    Test worker] o.s.b.a.e.mvc.EndpointHandlerMapping     : Mapped "{[/env],methods=[POST]}" onto public java.lang.Object org.springframework.cloud.context.environment.EnvironmentManagerMvcEndpoint.value(java.util.Map<java.lang.String, java.lang.String>)
2018-11-12 18:33:23.522  INFO 9663 --- [    Test worker] o.s.b.a.e.mvc.EndpointHandlerMapping     : Mapped "{[/env/reset],methods=[POST]}" onto public java.util.Map<java.lang.String, java.lang.Object> org.springframework.cloud.context.environment.EnvironmentManagerMvcEndpoint.reset()
2018-11-12 18:33:23.524  INFO 9663 --- [    Test worker] o.s.b.a.e.mvc.EndpointHandlerMapping     : Mapped "{[/mappings || /mappings.json],methods=[GET],produces=[application/vnd.spring-boot.actuator.v1+json || application/json]}" onto public java.lang.Object org.springframework.boot.actuate.endpoint.mvc.EndpointMvcAdapter.invoke()
2018-11-12 18:33:23.525  INFO 9663 --- [    Test worker] o.s.b.a.e.mvc.EndpointHandlerMapping     : Mapped "{[/resume || /resume.json],methods=[POST]}" onto public java.lang.Object org.springframework.cloud.endpoint.GenericPostableMvcEndpoint.invoke()
2018-11-12 18:33:23.526  INFO 9663 --- [    Test worker] o.s.b.a.e.mvc.EndpointHandlerMapping     : Mapped "{[/restart || /restart.json],methods=[POST]}" onto public java.lang.Object org.springframework.cloud.context.restart.RestartMvcEndpoint.invoke()
2018-11-12 18:33:23.529  INFO 9663 --- [    Test worker] o.s.b.a.e.mvc.EndpointHandlerMapping     : Mapped "{[/pause || /pause.json],methods=[POST]}" onto public java.lang.Object org.springframework.cloud.endpoint.GenericPostableMvcEndpoint.invoke()
2018-11-12 18:33:23.530  INFO 9663 --- [    Test worker] o.s.b.a.e.mvc.EndpointHandlerMapping     : Mapped "{[/trace || /trace.json],methods=[GET],produces=[application/vnd.spring-boot.actuator.v1+json || application/json]}" onto public java.lang.Object org.springframework.boot.actuate.endpoint.mvc.EndpointMvcAdapter.invoke()
2018-11-12 18:33:23.531  INFO 9663 --- [    Test worker] o.s.b.a.e.mvc.EndpointHandlerMapping     : Mapped "{[/autoconfig || /autoconfig.json],methods=[GET],produces=[application/vnd.spring-boot.actuator.v1+json || application/json]}" onto public java.lang.Object org.springframework.boot.actuate.endpoint.mvc.EndpointMvcAdapter.invoke()
2018-11-12 18:33:23.532  INFO 9663 --- [    Test worker] o.s.b.a.e.mvc.EndpointHandlerMapping     : Mapped "{[/actuator || /actuator.json],methods=[GET],produces=[application/vnd.spring-boot.actuator.v1+json || application/json]}" onto public org.springframework.hateoas.ResourceSupport org.springframework.boot.actuate.endpoint.mvc.HalJsonMvcEndpoint.links()
2018-11-12 18:33:23.533  INFO 9663 --- [    Test worker] o.s.b.a.e.mvc.EndpointHandlerMapping     : Mapped "{[/health || /health.json],methods=[GET],produces=[application/vnd.spring-boot.actuator.v1+json || application/json]}" onto public java.lang.Object org.springframework.boot.actuate.endpoint.mvc.HealthMvcEndpoint.invoke(javax.servlet.http.HttpServletRequest,java.security.Principal)
2018-11-12 18:33:23.534  INFO 9663 --- [    Test worker] o.s.b.a.e.mvc.EndpointHandlerMapping     : Mapped "{[/features || /features.json],methods=[GET],produces=[application/vnd.spring-boot.actuator.v1+json || application/json]}" onto public java.lang.Object org.springframework.boot.actuate.endpoint.mvc.EndpointMvcAdapter.invoke()
2018-11-12 18:33:23.535  INFO 9663 --- [    Test worker] o.s.b.a.e.mvc.EndpointHandlerMapping     : Mapped "{[/beans || /beans.json],methods=[GET],produces=[application/vnd.spring-boot.actuator.v1+json || application/json]}" onto public java.lang.Object org.springframework.boot.actuate.endpoint.mvc.EndpointMvcAdapter.invoke()
2018-11-12 18:33:23.538  INFO 9663 --- [    Test worker] o.s.b.a.e.mvc.EndpointHandlerMapping     : Mapped "{[/metrics/{name:.*}],methods=[GET],produces=[application/vnd.spring-boot.actuator.v1+json || application/json]}" onto public java.lang.Object org.springframework.boot.actuate.endpoint.mvc.MetricsMvcEndpoint.value(java.lang.String)
2018-11-12 18:33:23.538  INFO 9663 --- [    Test worker] o.s.b.a.e.mvc.EndpointHandlerMapping     : Mapped "{[/metrics || /metrics.json],methods=[GET],produces=[application/vnd.spring-boot.actuator.v1+json || application/json]}" onto public java.lang.Object org.springframework.boot.actuate.endpoint.mvc.EndpointMvcAdapter.invoke()
2018-11-12 18:33:23.541  INFO 9663 --- [    Test worker] o.s.b.a.e.mvc.EndpointHandlerMapping     : Mapped "{[/dump || /dump.json],methods=[GET],produces=[application/vnd.spring-boot.actuator.v1+json || application/json]}" onto public java.lang.Object org.springframework.boot.actuate.endpoint.mvc.EndpointMvcAdapter.invoke()
2018-11-12 18:33:23.542  INFO 9663 --- [    Test worker] o.s.b.a.e.mvc.EndpointHandlerMapping     : Mapped "{[/configprops || /configprops.json],methods=[GET],produces=[application/vnd.spring-boot.actuator.v1+json || application/json]}" onto public java.lang.Object org.springframework.boot.actuate.endpoint.mvc.EndpointMvcAdapter.invoke()
2018-11-12 18:33:23.693  INFO 9663 --- [    Test worker] s.w.s.m.m.a.RequestMappingHandlerAdapter : Looking for @ControllerAdvice: org.springframework.web.context.support.GenericWebApplicationContext@2134e7ee: startup date [Mon Nov 12 18:33:15 CET 2018]; parent: org.springframework.context.annotation.AnnotationConfigApplicationContext@5649d1e0
2018-11-12 18:33:23.706  INFO 9663 --- [    Test worker] s.w.s.m.m.a.RequestMappingHandlerAdapter : Detected ResponseBodyAdvice bean in org.springframework.boot.actuate.autoconfigure.EndpointWebMvcHypermediaManagementContextConfiguration$ActuatorEndpointLinksAdvice
2018-11-12 18:33:23.806  INFO 9663 --- [    Test worker] .m.m.a.ExceptionHandlerExceptionResolver : Detected ResponseBodyAdvice implementation in org.springframework.boot.actuate.autoconfigure.EndpointWebMvcHypermediaManagementContextConfiguration$ActuatorEndpointLinksAdvice
2018-11-12 18:33:23.889  INFO 9663 --- [    Test worker] o.s.t.web.servlet.TestDispatcherServlet  : FrameworkServlet '': initialization completed in 1725 ms
2018-11-12 18:33:24.356  WARN 9663 --- [    Test worker] o.s.c.n.a.ArchaiusAutoConfiguration      : No spring.application.name found, defaulting to 'application'
2018-11-12 18:33:24.357  WARN 9663 --- [    Test worker] c.n.c.sources.URLConfigurationSource     : No URLs will be polled as dynamic configuration sources.
2018-11-12 18:33:24.357  INFO 9663 --- [    Test worker] c.n.c.sources.URLConfigurationSource     : To enable URLs as dynamic configuration sources, define System property archaius.configurationSource.additionalUrls or make config.properties available on classpath.
2018-11-12 18:33:24.793  INFO 9663 --- [    Test worker] o.s.c.support.DefaultLifecycleProcessor  : Starting beans in phase 0
2018-11-12 18:33:24.803  INFO 9663 --- [    Test worker] o.s.c.n.eureka.InstanceInfoFactory       : Setting initial instance status as: STARTING
2018-11-12 18:33:25.090  INFO 9663 --- [    Test worker] c.n.d.provider.DiscoveryJerseyProvider   : Using JSON encoding codec LegacyJacksonJson
2018-11-12 18:33:25.090  INFO 9663 --- [    Test worker] c.n.d.provider.DiscoveryJerseyProvider   : Using JSON decoding codec LegacyJacksonJson
2018-11-12 18:33:25.235  INFO 9663 --- [    Test worker] c.n.d.provider.DiscoveryJerseyProvider   : Using XML encoding codec XStreamXml
2018-11-12 18:33:25.235  INFO 9663 --- [    Test worker] c.n.d.provider.DiscoveryJerseyProvider   : Using XML decoding codec XStreamXml
2018-11-12 18:33:25.466  INFO 9663 --- [    Test worker] c.n.d.s.r.aws.ConfigClusterResolver      : Resolving eureka endpoints via configuration
2018-11-12 18:33:25.468  WARN 9663 --- [    Test worker] c.n.discovery.endpoint.EndpointUtils     : DISCOVERY: Could not pick a zone based on preferred zone settings. My zone - defaultZone, preferSameZone- false. Defaulting to defaultZone
2018-11-12 18:33:25.495  INFO 9663 --- [    Test worker] com.netflix.discovery.DiscoveryClient    : Disable delta property : false
2018-11-12 18:33:25.495  INFO 9663 --- [    Test worker] com.netflix.discovery.DiscoveryClient    : Single vip registry refresh property : null
2018-11-12 18:33:25.495  INFO 9663 --- [    Test worker] com.netflix.discovery.DiscoveryClient    : Force full registry fetch : false
2018-11-12 18:33:25.495  INFO 9663 --- [    Test worker] com.netflix.discovery.DiscoveryClient    : Application is null : false
2018-11-12 18:33:25.495  INFO 9663 --- [    Test worker] com.netflix.discovery.DiscoveryClient    : Registered Applications size is zero : true
2018-11-12 18:33:25.495  INFO 9663 --- [    Test worker] com.netflix.discovery.DiscoveryClient    : Application version is -1: true
2018-11-12 18:33:25.496  INFO 9663 --- [    Test worker] com.netflix.discovery.DiscoveryClient    : Getting all instance registry info from the eureka server
2018-11-12 18:33:27.218  INFO 9663 --- [    Test worker] com.netflix.discovery.DiscoveryClient    : The response status is 200
2018-11-12 18:33:27.223  INFO 9663 --- [    Test worker] com.netflix.discovery.DiscoveryClient    : Starting heartbeat executor: renew interval is: 30
2018-11-12 18:33:27.226  INFO 9663 --- [    Test worker] c.n.discovery.InstanceInfoReplicator     : InstanceInfoReplicator onDemand update allowed rate per min is 4
2018-11-12 18:33:27.228  INFO 9663 --- [    Test worker] com.netflix.discovery.DiscoveryClient    : Discovery Client initialized at timestamp 1542044007228 with initial instances count: 521
2018-11-12 18:33:27.269  INFO 9663 --- [    Test worker] c.n.e.EurekaDiscoveryClientConfiguration : Registering application CCSEED_LOCAL with eureka with status UP
2018-11-12 18:33:27.271  INFO 9663 --- [    Test worker] com.netflix.discovery.DiscoveryClient    : Saw local status change event StatusChangeEvent [timestamp=1542044007271, current=UP, previous=STARTING]
2018-11-12 18:33:27.273  INFO 9663 --- [nfoReplicator-0] com.netflix.discovery.DiscoveryClient    : DiscoveryClient_CCSEED_LOCAL/10.228.135.164: registering service...
2018-11-12 18:33:27.306  INFO 9663 --- [    Test worker] c.c.spring.cc.seed.ApplicationTests      : Started ApplicationTests in 13.252 seconds (JVM running for 14.74)
]]></system-out>
  <system-err><![CDATA[]]></system-err>
</testsuite>
